C51 COMPILER V9.60.7.0   KNOB_DIMMING                                                      10/14/2025 18:17:20 PAGE 1   


C51 COMPILER V9.60.7.0, COMPILATION OF MODULE KNOB_DIMMING
OBJECT MODULE PLACED IN .\Release\Objects\knob_dimming.obj
COMPILER INVOKED BY: C:\Keil_v5\C51\BIN\C51.EXE ..\..\User\knob_dimming.c LARGE OPTIMIZE(9,SIZE) BROWSE INTVECTOR(0X000C
                    -) INCDIR(..\..\Libraries\Include;..\..\User) INTERVAL(3) DEBUG OBJECTEXTEND PRINT(.\Release\Listings\knob_dimming.lst) O
                    -BJECT(.\Release\Objects\knob_dimming.obj)

line level    source

   1          #include "knob_dimming.h" // 旋钮调光头文件
   2          
   3          volatile u16 limited_max_pwm_duty = MAX_PWM_DUTY; // 存放经过旋钮限制之后的最大占空比（
             -所有pwm通道有效）
   4          // volatile u16 limited_adjust_pwm_duty;  // 存放旋钮限制之后的，待调整的占空比值
   5          
   6          // 根据旋钮，限制当前的最大占空比
   7          // 会更新 limited_max_pwm_duty 这个全局变量
   8          void update_max_pwm_duty_coefficient(void)
   9          {
  10   1          /*
  11   1              标志位，上一次限制的最大占空比是否为0，
  12   1              如果为0，需要等到检测的ad值超过20%、30%......再使能旋钮的功能，否则不
             -能
  13   1              相当于给关机和开机之间划一个较大的死区
  14   1          */
  15   1          static bit flag_is_last_limited_equal_zero = 0;
  16   1      
  17   1          // static u16 last_limited_max_pwm_duty = MAX_PWM_DUTY;
  18   1      
  19   1          volatile u16 adc_val = 0;
  20   1          adc_sel_pin(ADC_SEL_PIN_P31);
  21   1          adc_val = adc_get_val();
  22   1      
  23   1          // limited_max_pwm_duty = (u32)adjust_duty * adc_val / 4096; // 会出现指数级下降，因为adjus
             -t_duty一直在变化
  24   1          // limited_max_pwm_duty = (u32)MAX_PWM_DUTY * adc_val / 4096; // 分级太多，加上抖动和迅速
             -化，会导致灯光闪烁
  25   1      
  26   1      #if 1
  27   1      
  28   1          // 它闪灯可能是因为功率太低，也可能是检测脚的波动，导致单片机触发了频
             -繁开灯关灯的操作
  29   1          // 方法1：试着加大调光那里的电容，提供一个缓冲
  30   1          // 方法2：单片机检测到关灯之后，再检测到旋钮调到20%、30%之后再开灯
  31   1      
  32   1          if (0 == flag_is_last_limited_equal_zero) // 如果上一次限制的最大占空比不是0，则正
             -地根据旋钮来限制最大占空比
  33   1          {
  34   2              // 下面条件语句块内的值和判断条件中的值不一样，不过影响不大
  35   2              // ad值是假设参考电压VCC为4.87V，计算得出
  36   2              if (adc_val <= KNOB_DIMMING_MIN_ADC_VAL) // MIN 0%  0.57V
  37   2              {
  38   3                  limited_max_pwm_duty = 0;
  39   3              }
  40   2              // else if (adc_val <= 1278) // 20% 1.52V
  41   2              else if (adc_val <= KNOB_DIMMING_ADC_VAL_20_PERCENT) // 20% 1.52V /* 这里用5V作为参考电压
             - */
  42   2              {
  43   3                  // 计算采集到的ad值所占20%对应的ad值的占比，再乘以 20%的占空比
  44   3                  /*
  45   3                      计算验证，这里的ad值如果只相差1，占空比的值也只相差1
  46   3                  */
C51 COMPILER V9.60.7.0   KNOB_DIMMING                                                      10/14/2025 18:17:20 PAGE 2   

  47   3                  // limited_max_pwm_duty = (u32)adc_val * MAX_PWM_DUTY * 2 / 10 / KNOB_DIMMING_ADC_VAL_20_PERCE
             -NT;
  48   3                  // 旧版本这里最低只能调节到5%，现在让它能够调节到5%及以下:
  49   3                  limited_max_pwm_duty = ((u32)adc_val - KNOB_DIMMING_MIN_ADC_VAL) * MAX_PWM_DUTY * 2 / 10 / KNO
             -B_DIMMING_ADC_VAL_20_PERCENT;
  50   3              }
  51   2              // else if (adc_val <= 2498) // 40% 2.97V
  52   2              else if (adc_val <= KNOB_DIMMING_ADC_VAL_40_PERCENT) // 40% 2.79V /* 这里用5V作为参考电压
             - */
  53   2              {
  54   3                  /*
  55   3                      计算验证，这里的ad值如果只相差1，占空比的值也只相差1
  56   3                  */
  57   3                  limited_max_pwm_duty = (u32)adc_val * MAX_PWM_DUTY * 4 / 10 / KNOB_DIMMING_ADC_VAL_40_PERCENT;
  58   3              }
  59   2              // else if (adc_val <= 2641) // 50% 3.14V
  60   2              else if (adc_val <= KNOB_DIMMING_ADC_VAL_50_PERCENT) // 50% 3.46V /* 这里用5V作为参考电压
             - */
  61   2              {
  62   3                  limited_max_pwm_duty = (u32)adc_val * MAX_PWM_DUTY / 2 / KNOB_DIMMING_ADC_VAL_50_PERCENT;
  63   3              }
  64   2              // else if (adc_val <= 3482) // 60% 4.14V
  65   2              else if (adc_val <= KNOB_DIMMING_ADC_VAL_60_PERCENT) // 60% 3.98V /* 这里用5V作为参考电压
             - */
  66   2              {
  67   3                  limited_max_pwm_duty = (u32)adc_val * MAX_PWM_DUTY * 6 / 10 / KNOB_DIMMING_ADC_VAL_60_PERCENT;
  68   3              }
  69   2              // else if (adc_val <= 4087) // 80% 4.86V
  70   2              else if (adc_val <= KNOB_DIMMING_MAX_ADC_VAL) //
  71   2              {
  72   3                  limited_max_pwm_duty = (u32)adc_val * MAX_PWM_DUTY * 8 / 10 / KNOB_DIMMING_MAX_ADC_VAL;
  73   3              }
  74   2              else
  75   2              {
  76   3                  // limited_max_pwm_duty = (u32)adc_val * MAX_PWM_DUTY / 4095;
  77   3                  limited_max_pwm_duty = MAX_PWM_DUTY;
  78   3              }
  79   2      
  80   2              // limited_adjust_pwm_duty = (u32)adjust_duty * limited_max_pwm_duty / MAX_PWM_DUTY; // adjust_dut
             -y * 旋钮限制的占空比系数
  81   2      
  82   2              // if (limited_adjust_pwm_duty >= 5950) // 大于该值，直接输出最大功率，防止从MIN
             -到MAX时，输出不了最大功率
  83   2              // {
  84   2              //     limited_adjust_pwm_duty = adjust_duty;
  85   2              // }
  86   2      
  87   2              // 如果 limited_max_pwm_duty 改变，这里要更新 adjust_pwm_channel_ x _duty 的状态
  88   2              // if (last_limited_max_pwm_duty != limited_max_pwm_duty)
  89   2              // {
  90   2              //     adjust_pwm_channel_0_duty = get_pwm_channel_x_adjust_duty(adjust_pwm_channel_0_duty);
  91   2              //     adjust_pwm_channel_1_duty = get_pwm_channel_x_adjust_duty(adjust_pwm_channel_1_duty);
  92   2              //     last_limited_max_pwm_duty = limited_max_pwm_duty;
  93   2              // }
  94   2      
  95   2              // if (0 == limited_adjust_pwm_duty)
  96   2              if (0 == limited_max_pwm_duty)
  97   2              {
  98   3                  flag_is_last_limited_equal_zero = 1;
  99   3              }
 100   2          }
 101   1          else // 如果上一次限制的最大占空比是0，则要等旋钮扭到 xx% 的位置再使能旋
C51 COMPILER V9.60.7.0   KNOB_DIMMING                                                      10/14/2025 18:17:20 PAGE 3   

             -的功能
 102   1          {
 103   2              if (adc_val >= KNOB_DIMMING_ADC_VAL_20_PERCENT) // 20%再开灯
 104   2              {
 105   3                  flag_is_last_limited_equal_zero = 0;
 106   3              }
 107   2          }
 108   1      
 109   1      #if USE_MY_DEBUG
              
                  // printf("cur_level %u\n", knob_dimming_cur_level);
              
              #endif // #if USE_MY_DEBUG
 114   1      
 115   1      #endif
 116   1      }


MODULE INFORMATION:   STATIC OVERLAYABLE
   CODE SIZE        =    306    ----
   CONSTANT SIZE    =   ----    ----
   XDATA SIZE       =      2       2
   PDATA SIZE       =   ----    ----
   DATA SIZE        =   ----    ----
   IDATA SIZE       =   ----    ----
   BIT SIZE         =      1    ----
END OF MODULE INFORMATION.


C51 COMPILATION COMPLETE.  0 WARNING(S),  0 ERROR(S)
